This is pdfTeX, Version 3.1415926-2.4-1.40.13 (MiKTeX 2.9) (preloaded format=pdflatex 2012.8.22)  14 AUG 2014 15:45
entering extended mode
**C:/Users/Andryw/Dropbox/Mestrado/Novos*dados/mestrado/1_Dissertação/Modelos
/Modelo_LateX_Copin/main_mestrado.tex

("C:/Users/Andryw/Dropbox/Mestrado/Novos dados/mestrado/1_Dissertação/Modelos
/Modelo_LateX_Copin/main_mestrado.tex"
LaTeX2e <2011/06/27>
Babel <v3.8m> and hyphenation patterns for english, portuguese, ukenglish, load
ed.

("C:\Users\Andryw\Dropbox\Mestrado\Novos dados\mestrado\1_Dissertação\Modelos
\Modelo_LateX_Copin\copin.cls"
Document Class: copin 1996/10/07 v1.0 Standard LaTeX document class
("C:\Program Files (x86)\MiKTeX 2.9\tex\latex\base\size12.clo"
File: size12.clo 2007/10/19 v1.4h Standard LaTeX file (size option)
)
\c@part=\count79
\c@chapter=\count80
\c@section=\count81
\c@subsection=\count82
\c@subsubsection=\count83
\c@paragraph=\count84
\c@subparagraph=\count85
\c@figure=\count86
\c@table=\count87
\abovecaptionskip=\skip41
\belowcaptionskip=\skip42
\bibindent=\dimen102
)
("C:\Program Files (x86)\MiKTeX 2.9\tex\generic\babel\babel.sty"
Package: babel 2008/07/08 v3.8m The Babel package

*************************************
* Local config file bblopts.cfg used
*
("C:\Program Files (x86)\MiKTeX 2.9\tex\latex\00miktex\bblopts.cfg"
File: bblopts.cfg 2006/07/31 v1.0 MiKTeX 'babel' configuration
)
("C:\Program Files (x86)\MiKTeX 2.9\tex\generic\babel\portuges.ldf"
Language: portuges 2008/03/18 v1.2q Portuguese support from the babel system

("C:\Program Files (x86)\MiKTeX 2.9\tex\generic\babel\babel.def"
File: babel.def 2008/07/08 v3.8m Babel common definitions
\babel@savecnt=\count88
\U@D=\dimen103
)
Package babel Info: Making " an active character on input line 145.
)
("C:\Program Files (x86)\MiKTeX 2.9\tex\generic\babel\english.ldf"
Language: english 2005/03/30 v3.3o English support from the babel system
\l@canadian = a dialect from \language\l@american 
\l@australian = a dialect from \language\l@british 
\l@newzealand = a dialect from \language\l@british 
))
("C:\Users\Andryw\Dropbox\Mestrado\Novos dados\mestrado\1_Dissertação\Modelos
\Modelo_LateX_Copin\copin.sty")
("C:\Users\Andryw\Dropbox\Mestrado\Novos dados\mestrado\1_Dissertação\Modelos
\Modelo_LateX_Copin\mestre.sty")
("C:\Program Files (x86)\MiKTeX 2.9\tex\latex\csvsimple\csvsimple.sty"
Package: csvsimple 2012/03/12 version 1.05 LaTeX CSV file processing

("C:\Program Files (x86)\MiKTeX 2.9\tex\latex\pgf\utilities\pgfkeys.sty"
("C:\Program Files (x86)\MiKTeX 2.9\tex\generic\pgf\utilities\pgfkeys.code.tex"
\pgfkeys@pathtoks=\toks14
\pgfkeys@temptoks=\toks15

("C:\Program Files (x86)\MiKTeX 2.9\tex\generic\pgf\utilities\pgfkeysfiltered.c
ode.tex"
\pgfkeys@tmptoks=\toks16
))) ("C:\Program Files (x86)\MiKTeX 2.9\tex\latex\base\ifthen.sty"
Package: ifthen 2001/05/26 v1.1c Standard LaTeX ifthen package (DPC)
)
\csv@file=\read1
\c@csvinputline=\count89
\c@csvrow=\count90
\c@csvcol=\count91
)
("C:\Program Files (x86)\MiKTeX 2.9\tex\latex\psnfss\times.sty"
Package: times 2005/04/12 PSNFSS-v9.2a (SPQR) 
)
("C:\Program Files (x86)\MiKTeX 2.9\tex\latex\base\inputenc.sty"
Package: inputenc 2008/03/30 v1.1d Input encoding file
\inpenc@prehook=\toks17
\inpenc@posthook=\toks18

("C:\Program Files (x86)\MiKTeX 2.9\tex\latex\base\latin1.def"
File: latin1.def 2008/03/30 v1.1d Input encoding file
))
("C:\Program Files (x86)\MiKTeX 2.9\tex\latex\base\fontenc.sty"
Package: fontenc 2005/09/27 v1.99g Standard LaTeX package

("C:\Program Files (x86)\MiKTeX 2.9\tex\latex\base\t1enc.def"
File: t1enc.def 2005/09/27 v1.99g Standard LaTeX file
LaTeX Font Info:    Redeclaring font encoding T1 on input line 43.
))
("C:\Program Files (x86)\MiKTeX 2.9\tex\latex\ltxmisc\url.sty"
\Urlmuskip=\muskip10
Package: url 2006/04/12  ver 3.3  Verb mode for urls, etc.
)
("C:\Program Files (x86)\MiKTeX 2.9\tex\latex\ams\math\amsmath.sty"
Package: amsmath 2000/07/18 v2.13 AMS math features
\@mathmargin=\skip43

For additional information on amsmath, use the `?' option.
("C:\Program Files (x86)\MiKTeX 2.9\tex\latex\ams\math\amstext.sty"
Package: amstext 2000/06/29 v2.01

("C:\Program Files (x86)\MiKTeX 2.9\tex\latex\ams\math\amsgen.sty"
File: amsgen.sty 1999/11/30 v2.0
\@emptytoks=\toks19
\ex@=\dimen104
))
("C:\Program Files (x86)\MiKTeX 2.9\tex\latex\ams\math\amsbsy.sty"
Package: amsbsy 1999/11/29 v1.2d
\pmbraise@=\dimen105
)
("C:\Program Files (x86)\MiKTeX 2.9\tex\latex\ams\math\amsopn.sty"
Package: amsopn 1999/12/14 v2.01 operator names
)
\inf@bad=\count92
LaTeX Info: Redefining \frac on input line 211.
\uproot@=\count93
\leftroot@=\count94
LaTeX Info: Redefining \overline on input line 307.
\classnum@=\count95
\DOTSCASE@=\count96
LaTeX Info: Redefining \ldots on input line 379.
LaTeX Info: Redefining \dots on input line 382.
LaTeX Info: Redefining \cdots on input line 467.
\Mathstrutbox@=\box26
\strutbox@=\box27
\big@size=\dimen106
LaTeX Font Info:    Redeclaring font encoding OML on input line 567.
LaTeX Font Info:    Redeclaring font encoding OMS on input line 568.
\macc@depth=\count97
\c@MaxMatrixCols=\count98
\dotsspace@=\muskip11
\c@parentequation=\count99
\dspbrk@lvl=\count100
\tag@help=\toks20
\row@=\count101
\column@=\count102
\maxfields@=\count103
\andhelp@=\toks21
\eqnshift@=\dimen107
\alignsep@=\dimen108
\tagshift@=\dimen109
\tagwidth@=\dimen110
\totwidth@=\dimen111
\lineht@=\dimen112
\@envbody=\toks22
\multlinegap=\skip44
\multlinetaggap=\skip45
\mathdisplay@stack=\toks23
LaTeX Info: Redefining \[ on input line 2666.
LaTeX Info: Redefining \] on input line 2667.
)
("C:\Program Files (x86)\MiKTeX 2.9\tex\latex\amsfonts\amsfonts.sty"
Package: amsfonts 2009/06/22 v3.00 Basic AMSFonts support
\symAMSa=\mathgroup4
\symAMSb=\mathgroup5
LaTeX Font Info:    Overwriting math alphabet `\mathfrak' in version `bold'
(Font)                  U/euf/m/n --> U/euf/b/n on input line 96.
)
("C:\Users\Andryw\Dropbox\Mestrado\Novos dados\mestrado\1_Dissertação\Modelos
\Modelo_LateX_Copin\fancyheadings.sty"
\headrulewidth=\dimen113
\footrulewidth=\dimen114
\plainheadrulewidth=\dimen115
\plainfootrulewidth=\dimen116
\headwidth=\dimen117
)
("C:\Program Files (x86)\MiKTeX 2.9\tex\latex\graphics\graphicx.sty"
Package: graphicx 1999/02/16 v1.0f Enhanced LaTeX Graphics (DPC,SPQR)

("C:\Program Files (x86)\MiKTeX 2.9\tex\latex\graphics\keyval.sty"
Package: keyval 1999/03/16 v1.13 key=value parser (DPC)
\KV@toks@=\toks24
)
("C:\Program Files (x86)\MiKTeX 2.9\tex\latex\graphics\graphics.sty"
Package: graphics 2009/02/05 v1.0o Standard LaTeX Graphics (DPC,SPQR)

("C:\Program Files (x86)\MiKTeX 2.9\tex\latex\graphics\trig.sty"
Package: trig 1999/03/16 v1.09 sin cos tan (DPC)
)
("C:\Program Files (x86)\MiKTeX 2.9\tex\latex\00miktex\graphics.cfg"
File: graphics.cfg 2007/01/18 v1.5 graphics configuration of teTeX/TeXLive
)
Package graphics Info: Driver file: pdftex.def on input line 91.

("C:\Program Files (x86)\MiKTeX 2.9\tex\latex\pdftex-def\pdftex.def"
File: pdftex.def 2011/05/27 v0.06d Graphics/color for pdfTeX

("C:\Program Files (x86)\MiKTeX 2.9\tex\generic\oberdiek\infwarerr.sty"
Package: infwarerr 2010/04/08 v1.3 Providing info/warning/error messages (HO)
)
("C:\Program Files (x86)\MiKTeX 2.9\tex\generic\oberdiek\ltxcmds.sty"
Package: ltxcmds 2011/11/09 v1.22 LaTeX kernel commands for general use (HO)
)
\Gread@gobject=\count104
))
\Gin@req@height=\dimen118
\Gin@req@width=\dimen119
)
("C:\Program Files (x86)\MiKTeX 2.9\tex\latex\subfigure\subfigure.sty"
Package: subfigure 2002/07/30 v2.1.4 subfigure package
\subfigtopskip=\skip46
\subfigcapskip=\skip47
\subfigcaptopadj=\dimen120
\subfigbottomskip=\skip48
\subfigcapmargin=\dimen121
\subfiglabelskip=\skip49
\c@subfigure=\count105
\c@lofdepth=\count106
\c@subtable=\count107
\c@lotdepth=\count108

****************************************
* Local config file subfigure.cfg used *
****************************************
("C:\Program Files (x86)\MiKTeX 2.9\tex\latex\subfigure\subfigure.cfg")
\subfig@top=\skip50
\subfig@bottom=\skip51
)
("C:\Program Files (x86)\MiKTeX 2.9\tex\latex\tools\longtable.sty"
Package: longtable 2004/02/01 v4.11 Multi-page Table package (DPC)
\LTleft=\skip52
\LTright=\skip53
\LTpre=\skip54
\LTpost=\skip55
\LTchunksize=\count109
\LTcapwidth=\dimen122
\LT@head=\box28
\LT@firsthead=\box29
\LT@foot=\box30
\LT@lastfoot=\box31
\LT@cols=\count110
\LT@rows=\count111
\c@LT@tables=\count112
\c@LT@chunks=\count113
\LT@p@ftn=\toks25
)
("C:\Program Files (x86)\MiKTeX 2.9\tex\latex\pgfplots\pgfplotstable.sty"
Package: pgfplotstable 2011/12/19 Part of pgfplots

("C:\Program Files (x86)\MiKTeX 2.9\tex\latex\pgfplots\pgfplots.sty"
("C:\Program Files (x86)\MiKTeX 2.9\tex\generic\pgfplots\pgfplots.revision.tex"
)
Package: pgfplots 2011/12/29 v1.5.1 (git show 1.5.1-4-g53e640f )
 ("C:\Program Files (x86)\MiKTeX 2.9\tex\latex\pgf\frontendlayer\tikz.sty"
("C:\Program Files (x86)\MiKTeX 2.9\tex\latex\pgf\basiclayer\pgf.sty"
("C:\Program Files (x86)\MiKTeX 2.9\tex\latex\pgf\utilities\pgfrcs.sty"
("C:\Program Files (x86)\MiKTeX 2.9\tex\generic\pgf\utilities\pgfutil-common.te
x"
\pgfutil@everybye=\toks26
)
("C:\Program Files (x86)\MiKTeX 2.9\tex\generic\pgf\utilities\pgfutil-latex.def
"
\pgfutil@abb=\box32
 ("C:\Program Files (x86)\MiKTeX 2.9\tex\latex\ms\everyshi.sty"
Package: everyshi 2001/05/15 v3.00 EveryShipout Package (MS)
))
("C:\Program Files (x86)\MiKTeX 2.9\tex\generic\pgf\utilities\pgfrcs.code.tex"
Package: pgfrcs 2010/10/25 v2.10 (rcs-revision 1.24)
))
Package: pgf 2008/01/15 v2.10 (rcs-revision 1.12)
 ("C:\Program Files (x86)\MiKTeX 2.9\tex\latex\pgf\basiclayer\pgfcore.sty"
("C:\Program Files (x86)\MiKTeX 2.9\tex\latex\pgf\systemlayer\pgfsys.sty"
("C:\Program Files (x86)\MiKTeX 2.9\tex\generic\pgf\systemlayer\pgfsys.code.tex
"
Package: pgfsys 2010/06/30 v2.10 (rcs-revision 1.37)
 ("C:\Program Files (x86)\MiKTeX 2.9\tex\generic\pgf\utilities\pgfkeys.code.tex
")
\pgf@x=\dimen123
\pgf@y=\dimen124
\pgf@xa=\dimen125
\pgf@ya=\dimen126
\pgf@xb=\dimen127
\pgf@yb=\dimen128
\pgf@xc=\dimen129
\pgf@yc=\dimen130
\w@pgf@writea=\write3
\r@pgf@reada=\read2
\c@pgf@counta=\count114
\c@pgf@countb=\count115
\c@pgf@countc=\count116
\c@pgf@countd=\count117
 ("C:\Program Files (x86)\MiKTeX 2.9\tex\generic\pgf\systemlayer\pgf.cfg"
File: pgf.cfg 2008/05/14  (rcs-revision 1.7)
)
Package pgfsys Info: Driver file for pgf: pgfsys-pdftex.def on input line 900.

("C:\Program Files (x86)\MiKTeX 2.9\tex\generic\pgf\systemlayer\pgfsys-pdftex.d
ef"
File: pgfsys-pdftex.def 2009/05/22  (rcs-revision 1.26)

("C:\Program Files (x86)\MiKTeX 2.9\tex\generic\pgf\systemlayer\pgfsys-common-p
df.def"
File: pgfsys-common-pdf.def 2008/05/19  (rcs-revision 1.10)
)))
("C:\Program Files (x86)\MiKTeX 2.9\tex\generic\pgf\systemlayer\pgfsyssoftpath.
code.tex"
File: pgfsyssoftpath.code.tex 2008/07/18  (rcs-revision 1.7)
\pgfsyssoftpath@smallbuffer@items=\count118
\pgfsyssoftpath@bigbuffer@items=\count119
)
("C:\Program Files (x86)\MiKTeX 2.9\tex\generic\pgf\systemlayer\pgfsysprotocol.
code.tex"
File: pgfsysprotocol.code.tex 2006/10/16  (rcs-revision 1.4)
)) ("C:\Program Files (x86)\MiKTeX 2.9\tex\latex\xcolor\xcolor.sty"
Package: xcolor 2007/01/21 v2.11 LaTeX color extensions (UK)

("C:\Program Files (x86)\MiKTeX 2.9\tex\latex\00miktex\color.cfg"
File: color.cfg 2007/01/18 v1.5 color configuration of teTeX/TeXLive
)
Package xcolor Info: Driver file: pdftex.def on input line 225.
Package xcolor Info: Model `cmy' substituted by `cmy0' on input line 1337.
Package xcolor Info: Model `hsb' substituted by `rgb' on input line 1341.
Package xcolor Info: Model `RGB' extended on input line 1353.
Package xcolor Info: Model `HTML' substituted by `rgb' on input line 1355.
Package xcolor Info: Model `Hsb' substituted by `hsb' on input line 1356.
Package xcolor Info: Model `tHsb' substituted by `hsb' on input line 1357.
Package xcolor Info: Model `HSB' substituted by `hsb' on input line 1358.
Package xcolor Info: Model `Gray' substituted by `gray' on input line 1359.
Package xcolor Info: Model `wave' substituted by `hsb' on input line 1360.
)
("C:\Program Files (x86)\MiKTeX 2.9\tex\generic\pgf\basiclayer\pgfcore.code.tex
"
Package: pgfcore 2010/04/11 v2.10 (rcs-revision 1.7)
 ("C:\Program Files (x86)\MiKTeX 2.9\tex\generic\pgf\math\pgfmath.code.tex"
("C:\Program Files (x86)\MiKTeX 2.9\tex\generic\pgf\math\pgfmathcalc.code.tex"
("C:\Program Files (x86)\MiKTeX 2.9\tex\generic\pgf\math\pgfmathutil.code.tex")
("C:\Program Files (x86)\MiKTeX 2.9\tex\generic\pgf\math\pgfmathparser.code.tex
"
\pgfmath@dimen=\dimen131
\pgfmath@count=\count120
\pgfmath@box=\box33
\pgfmath@toks=\toks27
\pgfmath@stack@operand=\toks28
\pgfmath@stack@operation=\toks29
)
("C:\Program Files (x86)\MiKTeX 2.9\tex\generic\pgf\math\pgfmathfunctions.code.
tex"
("C:\Program Files (x86)\MiKTeX 2.9\tex\generic\pgf\math\pgfmathfunctions.basic
.code.tex")
("C:\Program Files (x86)\MiKTeX 2.9\tex\generic\pgf\math\pgfmathfunctions.trigo
nometric.code.tex")
("C:\Program Files (x86)\MiKTeX 2.9\tex\generic\pgf\math\pgfmathfunctions.rando
m.code.tex")
("C:\Program Files (x86)\MiKTeX 2.9\tex\generic\pgf\math\pgfmathfunctions.compa
rison.code.tex")
("C:\Program Files (x86)\MiKTeX 2.9\tex\generic\pgf\math\pgfmathfunctions.base.
code.tex")
("C:\Program Files (x86)\MiKTeX 2.9\tex\generic\pgf\math\pgfmathfunctions.round
.code.tex")
("C:\Program Files (x86)\MiKTeX 2.9\tex\generic\pgf\math\pgfmathfunctions.misc.
code.tex")))
("C:\Program Files (x86)\MiKTeX 2.9\tex\generic\pgf\math\pgfmathfloat.code.tex"
\c@pgfmathroundto@lastzeros=\count121
))
("C:\Program Files (x86)\MiKTeX 2.9\tex\generic\pgf\basiclayer\pgfcorepoints.co
de.tex"
File: pgfcorepoints.code.tex 2010/04/09  (rcs-revision 1.20)
\pgf@picminx=\dimen132
\pgf@picmaxx=\dimen133
\pgf@picminy=\dimen134
\pgf@picmaxy=\dimen135
\pgf@pathminx=\dimen136
\pgf@pathmaxx=\dimen137
\pgf@pathminy=\dimen138
\pgf@pathmaxy=\dimen139
\pgf@xx=\dimen140
\pgf@xy=\dimen141
\pgf@yx=\dimen142
\pgf@yy=\dimen143
\pgf@zx=\dimen144
\pgf@zy=\dimen145
)
("C:\Program Files (x86)\MiKTeX 2.9\tex\generic\pgf\basiclayer\pgfcorepathconst
ruct.code.tex"
File: pgfcorepathconstruct.code.tex 2010/08/03  (rcs-revision 1.24)
\pgf@path@lastx=\dimen146
\pgf@path@lasty=\dimen147
)
("C:\Program Files (x86)\MiKTeX 2.9\tex\generic\pgf\basiclayer\pgfcorepathusage
.code.tex"
File: pgfcorepathusage.code.tex 2008/04/22  (rcs-revision 1.12)
\pgf@shorten@end@additional=\dimen148
\pgf@shorten@start@additional=\dimen149
)
("C:\Program Files (x86)\MiKTeX 2.9\tex\generic\pgf\basiclayer\pgfcorescopes.co
de.tex"
File: pgfcorescopes.code.tex 2010/09/08  (rcs-revision 1.34)
\pgfpic=\box34
\pgf@hbox=\box35
\pgf@layerbox@main=\box36
\pgf@picture@serial@count=\count122
)
("C:\Program Files (x86)\MiKTeX 2.9\tex\generic\pgf\basiclayer\pgfcoregraphicst
ate.code.tex"
File: pgfcoregraphicstate.code.tex 2008/04/22  (rcs-revision 1.9)
\pgflinewidth=\dimen150
)
("C:\Program Files (x86)\MiKTeX 2.9\tex\generic\pgf\basiclayer\pgfcoretransform
ations.code.tex"
File: pgfcoretransformations.code.tex 2009/06/10  (rcs-revision 1.11)
\pgf@pt@x=\dimen151
\pgf@pt@y=\dimen152
\pgf@pt@temp=\dimen153
)
("C:\Program Files (x86)\MiKTeX 2.9\tex\generic\pgf\basiclayer\pgfcorequick.cod
e.tex"
File: pgfcorequick.code.tex 2008/10/09  (rcs-revision 1.3)
)
("C:\Program Files (x86)\MiKTeX 2.9\tex\generic\pgf\basiclayer\pgfcoreobjects.c
ode.tex"
File: pgfcoreobjects.code.tex 2006/10/11  (rcs-revision 1.2)
)
("C:\Program Files (x86)\MiKTeX 2.9\tex\generic\pgf\basiclayer\pgfcorepathproce
ssing.code.tex"
File: pgfcorepathprocessing.code.tex 2008/10/09  (rcs-revision 1.8)
)
("C:\Program Files (x86)\MiKTeX 2.9\tex\generic\pgf\basiclayer\pgfcorearrows.co
de.tex"
File: pgfcorearrows.code.tex 2008/04/23  (rcs-revision 1.11)
)
("C:\Program Files (x86)\MiKTeX 2.9\tex\generic\pgf\basiclayer\pgfcoreshade.cod
e.tex"
File: pgfcoreshade.code.tex 2008/11/23  (rcs-revision 1.13)
\pgf@max=\dimen154
\pgf@sys@shading@range@num=\count123
)
("C:\Program Files (x86)\MiKTeX 2.9\tex\generic\pgf\basiclayer\pgfcoreimage.cod
e.tex"
File: pgfcoreimage.code.tex 2010/03/25  (rcs-revision 1.16)

("C:\Program Files (x86)\MiKTeX 2.9\tex\generic\pgf\basiclayer\pgfcoreexternal.
code.tex"
File: pgfcoreexternal.code.tex 2010/09/01  (rcs-revision 1.17)
\pgfexternal@startupbox=\box37
))
("C:\Program Files (x86)\MiKTeX 2.9\tex\generic\pgf\basiclayer\pgfcorelayers.co
de.tex"
File: pgfcorelayers.code.tex 2010/08/27  (rcs-revision 1.2)
)
("C:\Program Files (x86)\MiKTeX 2.9\tex\generic\pgf\basiclayer\pgfcoretranspare
ncy.code.tex"
File: pgfcoretransparency.code.tex 2008/01/17  (rcs-revision 1.2)
)
("C:\Program Files (x86)\MiKTeX 2.9\tex\generic\pgf\basiclayer\pgfcorepatterns.
code.tex"
File: pgfcorepatterns.code.tex 2009/07/02  (rcs-revision 1.3)
)))
("C:\Program Files (x86)\MiKTeX 2.9\tex\generic\pgf\modules\pgfmoduleshapes.cod
e.tex"
File: pgfmoduleshapes.code.tex 2010/09/09  (rcs-revision 1.13)
\pgfnodeparttextbox=\box38
)
("C:\Program Files (x86)\MiKTeX 2.9\tex\generic\pgf\modules\pgfmoduleplot.code.
tex"
File: pgfmoduleplot.code.tex 2010/10/22  (rcs-revision 1.8)
)
("C:\Program Files (x86)\MiKTeX 2.9\tex\latex\pgf\compatibility\pgfcomp-version
-0-65.sty"
Package: pgfcomp-version-0-65 2007/07/03 v2.10 (rcs-revision 1.7)
\pgf@nodesepstart=\dimen155
\pgf@nodesepend=\dimen156
)
("C:\Program Files (x86)\MiKTeX 2.9\tex\latex\pgf\compatibility\pgfcomp-version
-1-18.sty"
Package: pgfcomp-version-1-18 2007/07/23 v2.10 (rcs-revision 1.1)
))
("C:\Program Files (x86)\MiKTeX 2.9\tex\latex\pgf\utilities\pgffor.sty"
("C:\Program Files (x86)\MiKTeX 2.9\tex\generic\pgf\utilities\pgffor.code.tex"
Package: pgffor 2010/03/23 v2.10 (rcs-revision 1.18)
\pgffor@iter=\dimen157
\pgffor@skip=\dimen158
\pgffor@stack=\toks30
\pgffor@toks=\toks31
))
("C:\Program Files (x86)\MiKTeX 2.9\tex\generic\pgf\frontendlayer\tikz\tikz.cod
e.tex"
Package: tikz 2010/10/13 v2.10 (rcs-revision 1.76)

("C:\Program Files (x86)\MiKTeX 2.9\tex\generic\pgf\libraries\pgflibraryplothan
dlers.code.tex"
File: pgflibraryplothandlers.code.tex 2010/05/31 v2.10 (rcs-revision 1.15)
\pgf@plot@mark@count=\count124
\pgfplotmarksize=\dimen159
)
\tikz@lastx=\dimen160
\tikz@lasty=\dimen161
\tikz@lastxsaved=\dimen162
\tikz@lastysaved=\dimen163
\tikzleveldistance=\dimen164
\tikzsiblingdistance=\dimen165
\tikz@figbox=\box39
\tikz@tempbox=\box40
\tikztreelevel=\count125
\tikznumberofchildren=\count126
\tikznumberofcurrentchild=\count127
\tikz@fig@count=\count128

("C:\Program Files (x86)\MiKTeX 2.9\tex\generic\pgf\modules\pgfmodulematrix.cod
e.tex"
File: pgfmodulematrix.code.tex 2010/08/24  (rcs-revision 1.4)
\pgfmatrixcurrentrow=\count129
\pgfmatrixcurrentcolumn=\count130
\pgf@matrix@numberofcolumns=\count131
)
\tikz@expandcount=\count132

("C:\Program Files (x86)\MiKTeX 2.9\tex\generic\pgf\frontendlayer\tikz\librarie
s\tikzlibrarytopaths.code.tex"
File: tikzlibrarytopaths.code.tex 2008/06/17 v2.10 (rcs-revision 1.2)
)))
("C:\Program Files (x86)\MiKTeX 2.9\tex\generic\pgfplots\pgfplots.code.tex"
("C:\Program Files (x86)\MiKTeX 2.9\tex\generic\pgfplots\pgfplotscore.code.tex"
\t@pgfplots@toka=\toks32
\t@pgfplots@tokb=\toks33
\t@pgfplots@tokc=\toks34
\pgfplots@tmpa=\dimen166
\c@pgfplots@coordindex=\count133
\c@pgfplots@scanlineindex=\count134

("C:\Program Files (x86)\MiKTeX 2.9\tex\generic\pgfplots\sys\pgfplotssysgeneric
.code.tex"))
("C:\Program Files (x86)\MiKTeX 2.9\tex\generic\pgfplots\libs\pgfplotslibrary.c
ode.tex")
("C:\Program Files (x86)\MiKTeX 2.9\tex\generic\pgfplots\oldpgfcompatib\pgfplot
soldpgfsupp_loader.code.tex"
Package pgfplots: loading complementary code for your PGF version...

("C:\Program Files (x86)\MiKTeX 2.9\tex\generic\pgfplots\oldpgfcompatib\pgfplot
soldpgfsupp_misc.code.tex")
("C:\Program Files (x86)\MiKTeX 2.9\tex\generic\pgfplots\oldpgfcompatib\pgfplot
soldpgfsupp_pgfkeys.code.tex"
\pgfkeys@pathtoks=\toks35
\pgfkeys@temptoks=\toks36

("C:\Program Files (x86)\MiKTeX 2.9\tex\generic\pgfplots\oldpgfcompatib\pgfplot
soldpgfsupp_pgfkeysfiltered.code.tex"
\pgfkeys@tmptoks=\toks37
))
("C:\Program Files (x86)\MiKTeX 2.9\tex\generic\pgfplots\oldpgfcompatib\pgfplot
soldpgfsupp_pgfmathfloat.code.tex"
\c@pgfmathroundto@lastzeros=\count135
)
("C:\Program Files (x86)\MiKTeX 2.9\tex\generic\pgfplots\oldpgfcompatib\pgfplot
soldpgfsupp_pgflibraryplothandlers.code.tex"
File: pgflibraryplothandlers.code.tex 2011/12/28 v2.10 (rcs-revision 1.16)
\pgf@plot@mark@count=\count136
\pgfplotmarksize=\dimen167
)
("C:\Program Files (x86)\MiKTeX 2.9\tex\generic\pgfplots\oldpgfcompatib\pgfplot
soldpgfsupp_pgflibraryfpu.code.tex"))
("C:\Program Files (x86)\MiKTeX 2.9\tex\generic\pgfplots\util\pgfplotsutil.code
.tex"
("C:\Program Files (x86)\MiKTeX 2.9\tex\generic\pgfplots\liststructure\pgfplots
liststructure.code.tex")
("C:\Program Files (x86)\MiKTeX 2.9\tex\generic\pgfplots\liststructure\pgfplots
liststructureext.code.tex")
("C:\Program Files (x86)\MiKTeX 2.9\tex\generic\pgfplots\liststructure\pgfplots
array.code.tex"
\c@pgfplotsarray@tmp=\count137
)
("C:\Program Files (x86)\MiKTeX 2.9\tex\generic\pgfplots\liststructure\pgfplots
matrix.code.tex")
("C:\Program Files (x86)\MiKTeX 2.9\tex\generic\pgfplots\numtable\pgfplotstable
shared.code.tex"
\c@pgfplotstable@counta=\count138
\t@pgfplotstable@a=\toks38
)
("C:\Program Files (x86)\MiKTeX 2.9\tex\generic\pgfplots\liststructure\pgfplots
deque.code.tex")
("C:\Program Files (x86)\MiKTeX 2.9\tex\generic\pgfplots\util\pgfplotsbinary.co
de.tex")
("C:\Program Files (x86)\MiKTeX 2.9\tex\generic\pgfplots\util\pgfplotsutil.verb
.code.tex")
("C:\Program Files (x86)\MiKTeX 2.9\tex\generic\pgfplots\libs\pgflibrarypgfplot
s.surfshading.code.tex"
\c@pgfplotslibrarysurf@no=\count139

("C:\Program Files (x86)\MiKTeX 2.9\tex\generic\pgfplots\sys\pgflibrarypgfplots
.surfshading.pgfsys-pdftex.def")))
("C:\Program Files (x86)\MiKTeX 2.9\tex\generic\pgfplots\util\pgfplotscolormap.
code.tex")
("C:\Program Files (x86)\MiKTeX 2.9\tex\generic\pgfplots\pgfplotsstackedplots.c
ode.tex")
("C:\Program Files (x86)\MiKTeX 2.9\tex\generic\pgfplots\pgfplotsplothandlers.c
ode.tex"
("C:\Program Files (x86)\MiKTeX 2.9\tex\generic\pgfplots\pgfplotsmeshplothandle
r.code.tex"))
("C:\Program Files (x86)\MiKTeX 2.9\tex\generic\pgfplots\pgfplotscoordprocessin
g.code.tex")
("C:\Program Files (x86)\MiKTeX 2.9\tex\generic\pgfplots\pgfplotsticks.code.tex
")
("C:\Program Files (x86)\MiKTeX 2.9\tex\generic\pgfplots\pgfplots.paths.code.te
x")
("C:\Program Files (x86)\MiKTeX 2.9\tex\generic\pgf\frontendlayer\tikz\librarie
s\tikzlibrarydecorations.code.tex"
("C:\Program Files (x86)\MiKTeX 2.9\tex\generic\pgf\modules\pgfmoduledecoration
s.code.tex"
\pgfdecoratedcompleteddistance=\dimen168
\pgfdecoratedremainingdistance=\dimen169
\pgfdecoratedinputsegmentcompleteddistance=\dimen170
\pgfdecoratedinputsegmentremainingdistance=\dimen171
\pgf@decorate@distancetomove=\dimen172
\pgf@decorate@repeatstate=\count140
\pgfdecorationsegmentamplitude=\dimen173
\pgfdecorationsegmentlength=\dimen174
)
\tikz@lib@dec@box=\box41
)
("C:\Program Files (x86)\MiKTeX 2.9\tex\generic\pgf\frontendlayer\tikz\librarie
s\tikzlibrarydecorations.pathmorphing.code.tex"
("C:\Program Files (x86)\MiKTeX 2.9\tex\generic\pgf\libraries\decorations\pgfli
brarydecorations.pathmorphing.code.tex"))
("C:\Program Files (x86)\MiKTeX 2.9\tex\generic\pgf\frontendlayer\tikz\librarie
s\tikzlibrarydecorations.pathreplacing.code.tex"
("C:\Program Files (x86)\MiKTeX 2.9\tex\generic\pgf\libraries\decorations\pgfli
brarydecorations.pathreplacing.code.tex"))
\pgfplots@numplots=\count141
\pgfplots@xmin@reg=\dimen175
\pgfplots@xmax@reg=\dimen176
\pgfplots@ymin@reg=\dimen177
\pgfplots@ymax@reg=\dimen178
\pgfplots@zmin@reg=\dimen179
\pgfplots@zmax@reg=\dimen180
)
("C:\Program Files (x86)\MiKTeX 2.9\tex\generic\pgf\frontendlayer\tikz\librarie
s\tikzlibraryplotmarks.code.tex"
File: tikzlibraryplotmarks.code.tex 2008/01/09 v2.10 (rcs-revision 1.1)

("C:\Program Files (x86)\MiKTeX 2.9\tex\generic\pgf\libraries\pgflibraryplotmar
ks.code.tex"
File: pgflibraryplotmarks.code.tex 2010/10/15 v2.10 (rcs-revision 1.12)
)))
("C:\Program Files (x86)\MiKTeX 2.9\tex\generic\pgfplots\numtable\pgfplotstable
.code.tex"
("C:\Program Files (x86)\MiKTeX 2.9\tex\generic\pgfplots\numtable\pgfplotstable
.coltype.code.tex"))
("C:\Program Files (x86)\MiKTeX 2.9\tex\latex\tools\array.sty"
Package: array 2008/09/09 v2.4c Tabular extension package (FMi)
\col@sep=\dimen181
\extrarowheight=\dimen182
\NC@list=\toks39
\extratabsurround=\skip56
\backup@length=\skip57
))
("C:\Program Files (x86)\MiKTeX 2.9\tex\latex\tools\tabularx.sty"
Package: tabularx 1999/01/07 v2.07 `tabularx' package (DPC)
\TX@col@width=\dimen183
\TX@old@table=\dimen184
\TX@old@col=\dimen185
\TX@target=\dimen186
\TX@delta=\dimen187
\TX@cols=\count142
\TX@ftn=\toks40
)
("C:\Program Files (x86)\MiKTeX 2.9\tex\latex\booktabs\booktabs.sty"
Package: booktabs 2005/04/14 v1.61803 publication quality tables
\heavyrulewidth=\dimen188
\lightrulewidth=\dimen189
\cmidrulewidth=\dimen190
\belowrulesep=\dimen191
\belowbottomsep=\dimen192
\aboverulesep=\dimen193
\abovetopsep=\dimen194
\cmidrulesep=\dimen195
\cmidrulekern=\dimen196
\defaultaddspace=\dimen197
\@cmidla=\count143
\@cmidlb=\count144
\@aboverulesep=\dimen198
\@belowrulesep=\dimen199
\@thisruleclass=\count145
\@lastruleclass=\count146
\@thisrulewidth=\dimen200
)
("C:\Program Files (x86)\MiKTeX 2.9\tex\latex\hyperref\hyperref.sty"
Package: hyperref 2012/05/13 v6.82q Hypertext links for LaTeX

("C:\Program Files (x86)\MiKTeX 2.9\tex\generic\oberdiek\hobsub-hyperref.sty"
Package: hobsub-hyperref 2012/04/25 v1.12 Bundle oberdiek, subset hyperref (HO)


("C:\Program Files (x86)\MiKTeX 2.9\tex\generic\oberdiek\hobsub-generic.sty"
Package: hobsub-generic 2012/04/25 v1.12 Bundle oberdiek, subset generic (HO)
Package: hobsub 2012/04/25 v1.12 Construct package bundles (HO)
Package hobsub Info: Skipping package `infwarerr' (already loaded).
Package hobsub Info: Skipping package `ltxcmds' (already loaded).
Package: ifluatex 2010/03/01 v1.3 Provides the ifluatex switch (HO)
Package ifluatex Info: LuaTeX not detected.
Package: ifvtex 2010/03/01 v1.5 Detect VTeX and its facilities (HO)
Package ifvtex Info: VTeX not detected.
Package: intcalc 2007/09/27 v1.1 Expandable calculations with integers (HO)
Package: ifpdf 2011/01/30 v2.3 Provides the ifpdf switch (HO)
Package ifpdf Info: pdfTeX in PDF mode is detected.
Package: etexcmds 2011/02/16 v1.5 Avoid name clashes with e-TeX commands (HO)
Package etexcmds Info: Could not find \expanded.
(etexcmds)             That can mean that you are not using pdfTeX 1.50 or
(etexcmds)             that some package has redefined \expanded.
(etexcmds)             In the latter case, load this package earlier.
Package: kvsetkeys 2012/04/25 v1.16 Key value parser (HO)
Package: kvdefinekeys 2011/04/07 v1.3 Define keys (HO)
Package: pdftexcmds 2011/11/29 v0.20 Utility functions of pdfTeX for LuaTeX (HO
)
Package pdftexcmds Info: LuaTeX not detected.
Package pdftexcmds Info: \pdf@primitive is available.
Package pdftexcmds Info: \pdf@ifprimitive is available.
Package pdftexcmds Info: \pdfdraftmode found.
Package: pdfescape 2011/11/25 v1.13 Implements pdfTeX's escape features (HO)
Package: bigintcalc 2012/04/08 v1.3 Expandable calculations on big integers (HO
)
Package: bitset 2011/01/30 v1.1 Handle bit-vector datatype (HO)
Package: uniquecounter 2011/01/30 v1.2 Provide unlimited unique counter (HO)
)
Package hobsub Info: Skipping package `hobsub' (already loaded).
Package: letltxmacro 2010/09/02 v1.4 Let assignment for LaTeX macros (HO)
Package: hopatch 2011/06/24 v1.1 Wrapper for package hooks (HO)
Package: xcolor-patch 2011/01/30 xcolor patch
Package: atveryend 2011/06/30 v1.8 Hooks at the very end of document (HO)
Package atveryend Info: \enddocument detected (standard20110627).
Package: atbegshi 2011/10/05 v1.16 At begin shipout hook (HO)
Package: refcount 2011/10/16 v3.4 Data extraction from label references (HO)
Package: hycolor 2011/01/30 v1.7 Color options for hyperref/bookmark (HO)
)
("C:\Program Files (x86)\MiKTeX 2.9\tex\generic\ifxetex\ifxetex.sty"
Package: ifxetex 2010/09/12 v0.6 Provides ifxetex conditional
)
("C:\Program Files (x86)\MiKTeX 2.9\tex\latex\oberdiek\kvoptions.sty"
Package: kvoptions 2011/06/30 v3.11 Key value format for package options (HO)
)
\@linkdim=\dimen201
\Hy@linkcounter=\count147
\Hy@pagecounter=\count148

("C:\Program Files (x86)\MiKTeX 2.9\tex\latex\hyperref\pd1enc.def"
File: pd1enc.def 2012/05/13 v6.82q Hyperref: PDFDocEncoding definition (HO)
)
\Hy@SavedSpaceFactor=\count149

("C:\Program Files (x86)\MiKTeX 2.9\tex\latex\00miktex\hyperref.cfg"
File: hyperref.cfg 2002/06/06 v1.2 hyperref configuration of TeXLive
)
Package hyperref Info: Hyper figures OFF on input line 4062.
Package hyperref Info: Link nesting OFF on input line 4067.
Package hyperref Info: Hyper index ON on input line 4070.
Package hyperref Info: Plain pages OFF on input line 4077.
Package hyperref Info: Backreferencing OFF on input line 4082.
Package hyperref Info: Implicit mode ON; LaTeX internals redefined.
Package hyperref Info: Bookmarks ON on input line 4300.
\c@Hy@tempcnt=\count150
LaTeX Info: Redefining \url on input line 4653.
\Fld@menulength=\count151
\Field@Width=\dimen202
\Fld@charsize=\dimen203
Package hyperref Info: Hyper figures OFF on input line 5773.
Package hyperref Info: Link nesting OFF on input line 5778.
Package hyperref Info: Hyper index ON on input line 5781.
Package hyperref Info: backreferencing OFF on input line 5788.
Package hyperref Info: Link coloring OFF on input line 5793.
Package hyperref Info: Link coloring with OCG OFF on input line 5798.
Package hyperref Info: PDF/A mode OFF on input line 5803.
LaTeX Info: Redefining \ref on input line 5843.
LaTeX Info: Redefining \pageref on input line 5847.
\Hy@abspage=\count152
\c@Item=\count153
\c@Hfootnote=\count154
)

Package hyperref Message: Driver (autodetected): hpdftex.

("C:\Program Files (x86)\MiKTeX 2.9\tex\latex\hyperref\hpdftex.def"
File: hpdftex.def 2012/05/13 v6.82q Hyperref driver for pdfTeX
\Fld@listcount=\count155
\c@bookmark@seq@number=\count156

("C:\Program Files (x86)\MiKTeX 2.9\tex\latex\oberdiek\rerunfilecheck.sty"
Package: rerunfilecheck 2011/04/15 v1.7 Rerun checks for auxiliary files (HO)
Package uniquecounter Info: New unique counter `rerunfilecheck' on input line 2
82.
)
\Hy@SectionHShift=\skip58
)
("C:\Program Files (x86)\MiKTeX 2.9\tex\latex\listings\listings.sty"
\lst@mode=\count157
\lst@gtempboxa=\box42
\lst@token=\toks41
\lst@length=\count158
\lst@currlwidth=\dimen204
\lst@column=\count159
\lst@pos=\count160
\lst@lostspace=\dimen205
\lst@width=\dimen206
\lst@newlines=\count161
\lst@lineno=\count162
\lst@maxwidth=\dimen207

("C:\Program Files (x86)\MiKTeX 2.9\tex\latex\listings\lstmisc.sty"
File: lstmisc.sty 2007/02/22 1.4 (Carsten Heinz)
\c@lstnumber=\count163
\lst@skipnumbers=\count164
\lst@framebox=\box43
)
("C:\Program Files (x86)\MiKTeX 2.9\tex\latex\listings\listings.cfg"
File: listings.cfg 2007/02/22 1.4 listings configuration
))
Package: listings 2007/02/22 1.4 (Carsten Heinz)

("C:\Users\Andryw\Dropbox\Mestrado\Novos dados\mestrado\1_Dissertação\Modelos
\Modelo_LateX_Copin\main_mestrado.aux"

LaTeX Warning: Label `eq:descricao' multiply defined.


LaTeX Warning: Label `subsec:eclet' multiply defined.

)
LaTeX Font Info:    Checking defaults for OML/cmm/m/it on input line 71.
LaTeX Font Info:    ... okay on input line 71.
LaTeX Font Info:    Checking defaults for T1/cmr/m/n on input line 71.
LaTeX Font Info:    ... okay on input line 71.
LaTeX Font Info:    Checking defaults for OT1/cmr/m/n on input line 71.
LaTeX Font Info:    ... okay on input line 71.
LaTeX Font Info:    Checking defaults for OMS/cmsy/m/n on input line 71.
LaTeX Font Info:    ... okay on input line 71.
LaTeX Font Info:    Checking defaults for OMX/cmex/m/n on input line 71.
LaTeX Font Info:    ... okay on input line 71.
LaTeX Font Info:    Checking defaults for U/cmr/m/n on input line 71.
LaTeX Font Info:    ... okay on input line 71.
LaTeX Font Info:    Checking defaults for PD1/pdf/m/n on input line 71.
LaTeX Font Info:    ... okay on input line 71.
LaTeX Font Info:    Try loading font information for T1+ptm on input line 71.
 ("C:\Program Files (x86)\MiKTeX 2.9\tex\latex\psnfss\t1ptm.fd"
File: t1ptm.fd 2001/06/04 font definitions for T1/ptm.
)
("C:\Program Files (x86)\MiKTeX 2.9\tex\context\base\supp-pdf.mkii"
[Loading MPS to PDF converter (version 2006.09.02).]
\scratchcounter=\count165
\scratchdimen=\dimen208
\scratchbox=\box44
\nofMPsegments=\count166
\nofMParguments=\count167
\everyMPshowfont=\toks42
\MPscratchCnt=\count168
\MPscratchDim=\dimen209
\MPnumerator=\count169
\makeMPintoPDFobject=\count170
\everyMPtoPDFconversion=\toks43
) ABD: EveryShipout initializing macros
\AtBeginShipoutBox=\box45
Package hyperref Info: Link coloring OFF on input line 71.

("C:\Program Files (x86)\MiKTeX 2.9\tex\latex\hyperref\nameref.sty"
Package: nameref 2010/04/30 v2.40 Cross-referencing by name of section

("C:\Program Files (x86)\MiKTeX 2.9\tex\generic\oberdiek\gettitlestring.sty"
Package: gettitlestring 2010/12/03 v1.4 Cleanup title references (HO)
)
\c@section@level=\count171
)
LaTeX Info: Redefining \ref on input line 71.
LaTeX Info: Redefining \pageref on input line 71.
LaTeX Info: Redefining \nameref on input line 71.

("C:\Users\Andryw\Dropbox\Mestrado\Novos dados\mestrado\1_Dissertação\Modelos
\Modelo_LateX_Copin\main_mestrado.out")
("C:\Users\Andryw\Dropbox\Mestrado\Novos dados\mestrado\1_Dissertação\Modelos
\Modelo_LateX_Copin\main_mestrado.out")
\@outlinefile=\write4
\c@lstlisting=\count172
LaTeX Font Info:    Try loading font information for U+msa on input line 87.

("C:\Program Files (x86)\MiKTeX 2.9\tex\latex\amsfonts\umsa.fd"
File: umsa.fd 2009/06/22 v3.00 AMS symbols A
)
LaTeX Font Info:    Try loading font information for U+msb on input line 87.

("C:\Program Files (x86)\MiKTeX 2.9\tex\latex\amsfonts\umsb.fd"
File: umsb.fd 2009/06/22 v3.00 AMS symbols B
) [1


{C:/ProgramData/MiKTeX/2.9/pdftex/config/pdftex.map}]
LaTeX Font Info:    Font shape `T1/ptm/bx/n' in size <17.28> not available
(Font)              Font shape `T1/ptm/b/n' tried instead on input line 93.

("C:\Users\Andryw\Dropbox\Mestrado\Novos dados\mestrado\1_Dissertação\Modelos
\Modelo_LateX_Copin\resumo.tex")pdfTeX warning (ext4): destination with the sam
e identifier (name{page.i}) has been already used, duplicate ignored
<to be read again> 
                   \relax 
l.97 \newpage
              [1

]
("C:\Users\Andryw\Dropbox\Mestrado\Novos dados\mestrado\1_Dissertação\Modelos
\Modelo_LateX_Copin\abstract.tex") [2

]
("C:\Users\Andryw\Dropbox\Mestrado\Novos dados\mestrado\1_Dissertação\Modelos
\Modelo_LateX_Copin\agradecimentos.tex") [3

]
LaTeX Font Info:    Font shape `T1/ptm/bx/n' in size <24.88> not available
(Font)              Font shape `T1/ptm/b/n' tried instead on input line 127.

("C:\Users\Andryw\Dropbox\Mestrado\Novos dados\mestrado\1_Dissertação\Modelos
\Modelo_LateX_Copin\main_mestrado.toc"
LaTeX Font Info:    Font shape `T1/ptm/bx/n' in size <12> not available
(Font)              Font shape `T1/ptm/b/n' tried instead on input line 6.
 [4


]
Overfull \vbox (9.74998pt too high) has occurred while \output is active []


[5])
\tf@toc=\write5

Overfull \vbox (9.74998pt too high) has occurred while \output is active []


[6]
("C:\Users\Andryw\Dropbox\Mestrado\Novos dados\mestrado\1_Dissertação\Modelos
\Modelo_LateX_Copin\main_mestrado.lot")
\tf@lot=\write6
 [7

]
("C:\Users\Andryw\Dropbox\Mestrado\Novos dados\mestrado\1_Dissertação\Modelos
\Modelo_LateX_Copin\1_cap1.tex"
Cap\'{\i }tulo 1.
[1


]
Overfull \vbox (9.74998pt too high) has occurred while \output is active []


[2]
Overfull \vbox (9.74998pt too high) has occurred while \output is active []


[3])
("C:\Users\Andryw\Dropbox\Mestrado\Novos dados\mestrado\1_Dissertação\Modelos
\Modelo_LateX_Copin\2_revisao.tex"
Overfull \vbox (9.74998pt too high) has occurred while \output is active []


[4]
Cap\'{\i }tulo 2.
[5

] <beatles10.jpg, id=406, 584.78474pt x 322.20375pt>
File: beatles10.jpg Graphic file (type jpg)
 <use beatles10.jpg>
Package pdftex.def Info: beatles10.jpg used on input line 20.
(pdftex.def)             Requested size: 438.58748pt x 241.6522pt.

Overfull \hbox (4.36975pt too wide) in paragraph at lines 20--21
 [] 
 []


Overfull \vbox (9.74998pt too high) has occurred while \output is active []


[6]
Overfull \vbox (9.74998pt too high) has occurred while \output is active []


[7 <C:/Users/Andryw/Dropbox/Mestrado/Novos dados/mestrado/1_Dissertação/Model
os/Modelo_LateX_Copin/beatles10.jpg>]
Overfull \vbox (9.74998pt too high) has occurred while \output is active []


[8])
("C:\Users\Andryw\Dropbox\Mestrado\Novos dados\mestrado\1_Dissertação\Modelos
\Modelo_LateX_Copin\3_aspectos2.tex"
Overfull \vbox (9.74998pt too high) has occurred while \output is active []


[9]
Cap\'{\i }tulo 3.
LaTeX Font Info:    Font shape `T1/ptm/bx/n' in size <14.4> not available
(Font)              Font shape `T1/ptm/b/n' tried instead on input line 9.
[10

]
Overfull \vbox (9.74998pt too high) has occurred while \output is active []


[11]
Overfull \vbox (9.74998pt too high) has occurred while \output is active []


[12]
Overfull \vbox (9.74998pt too high) has occurred while \output is active []


[13]
Overfull \vbox (9.74998pt too high) has occurred while \output is active []


[14] <figs/cluster_espalhado.png, id=516, 336.0555pt x 243.91125pt>
File: figs/cluster_espalhado.png Graphic file (type png)

<use figs/cluster_espalhado.png>
Package pdftex.def Info: figs/cluster_espalhado.png used on input line 95.
(pdftex.def)             Requested size: 196.00966pt x 142.26378pt.

<figs/cluster_junto.png, id=517, 308.352pt x 195.129pt>
File: figs/cluster_junto.png Graphic file (type png)

<use figs/cluster_junto.png>
Package pdftex.def Info: figs/cluster_junto.png used on input line 97.
(pdftex.def)             Requested size: 224.81277pt x 142.26378pt.

Overfull \vbox (9.74998pt too high) has occurred while \output is active []


[15 <C:/Users/Andryw/Dropbox/Mestrado/Novos dados/mestrado/1_Dissertação/Mode
los/Modelo_LateX_Copin/figs/cluster_espalhado.png> <C:/Users/Andryw/Dropbox/Mes
trado/Novos dados/mestrado/1_Dissertação/Modelos/Modelo_LateX_Copin/figs/clus
ter_junto.png>]
Overfull \vbox (9.74998pt too high) has occurred while \output is active []


[16])
("C:\Users\Andryw\Dropbox\Mestrado\Novos dados\mestrado\1_Dissertação\Modelos
\Modelo_LateX_Copin\4_dados2.tex"
Overfull \vbox (9.74998pt too high) has occurred while \output is active []


[17]
Cap\'{\i }tulo 4.
[18

] <timeline.png, id=564, 555.87675pt x 210.18526pt>
File: timeline.png Graphic file (type png)
 <use timeline.png>
Package pdftex.def Info: timeline.png used on input line 24.
(pdftex.def)             Requested size: 416.90654pt x 157.63855pt.

Overfull \vbox (9.74998pt too high) has occurred while \output is active []


[19]
Overfull \vbox (9.74998pt too high) has occurred while \output is active []


[20 <C:/Users/Andryw/Dropbox/Mestrado/Novos dados/mestrado/1_Dissertação/Mode
los/Modelo_LateX_Copin/timeline.png>]
Overfull \vbox (9.74998pt too high) has occurred while \output is active []


[21]
Overfull \vbox (9.74998pt too high) has occurred while \output is active []


[22]
Overfull \vbox (9.74998pt too high) has occurred while \output is active []


[23]
Overfull \vbox (9.74998pt too high) has occurred while \output is active []


[24] <figs/ecdf_clusters.png, id=612, 481.8pt x 481.8pt>
File: figs/ecdf_clusters.png Graphic file (type png)

<use figs/ecdf_clusters.png>
Package pdftex.def Info: figs/ecdf_clusters.png used on input line 156.
(pdftex.def)             Requested size: 216.80798pt x 216.80798pt.
 <figs/ecdf_n_fam.png, id=616, 481.8pt x 481.8pt>
File: figs/ecdf_n_fam.png Graphic file (type png)

<use figs/ecdf_n_fam.png>
Package pdftex.def Info: figs/ecdf_n_fam.png used on input line 176.
(pdftex.def)             Requested size: 198.45662pt x 198.45088pt.
 <figs/ecdf_old_fam.png, id=617, 481.8pt x 481.8pt>
File: figs/ecdf_old_fam.png Graphic file (type png)

<use figs/ecdf_old_fam.png>
Package pdftex.def Info: figs/ecdf_old_fam.png used on input line 178.
(pdftex.def)             Requested size: 198.45662pt x 198.45088pt.

Overfull \vbox (9.74998pt too high) has occurred while \output is active []


[25]
Overfull \vbox (9.74998pt too high) has occurred while \output is active []


[26 <C:/Users/Andryw/Dropbox/Mestrado/Novos dados/mestrado/1_Dissertação/Mode
los/Modelo_LateX_Copin/figs/ecdf_clusters.png> <C:/Users/Andryw/Dropbox/Mestrad
o/Novos dados/mestrado/1_Dissertação/Modelos/Modelo_LateX_Copin/figs/ecdf_n_f
am.png> <C:/Users/Andryw/Dropbox/Mestrado/Novos dados/mestrado/1_Dissertação/
Modelos/Modelo_LateX_Copin/figs/ecdf_old_fam.png>]
<figs/listeners.pdf, id=637, 631.35875pt x 329.23pt>
File: figs/listeners.pdf Graphic file (type pdf)
 <use figs/listeners.pdf>
Package pdftex.def Info: figs/listeners.pdf used on input line 193.
(pdftex.def)             Requested size: 284.10881pt x 148.15211pt.

<figs/listeners_log.pdf, id=638, 631.35875pt x 329.23pt>
File: figs/listeners_log.pdf Graphic file (type pdf)

<use figs/listeners_log.pdf>
Package pdftex.def Info: figs/listeners_log.pdf used on input line 194.
(pdftex.def)             Requested size: 284.10881pt x 148.15211pt.

Overfull \vbox (9.74998pt too high) has occurred while \output is active []


[27 <C:/Users/Andryw/Dropbox/Mestrado/Novos dados/mestrado/1_Dissertação/Mode
los/Modelo_LateX_Copin/figs/listeners.pdf> <C:/Users/Andryw/Dropbox/Mestrado/No
vos dados/mestrado/1_Dissertação/Modelos/Modelo_LateX_Copin/figs/listeners_lo
g.pdf>] <figs/ecdf_n_pop.png, id=662, 481.8pt x 481.8pt>
File: figs/ecdf_n_pop.png Graphic file (type png)

<use figs/ecdf_n_pop.png>
Package pdftex.def Info: figs/ecdf_n_pop.png used on input line 203.
(pdftex.def)             Requested size: 198.45662pt x 198.45088pt.
 <figs/ecdf_old_pop.png, id=663, 481.8pt x 481.8pt>
File: figs/ecdf_old_pop.png Graphic file (type png)

<use figs/ecdf_old_pop.png>
Package pdftex.def Info: figs/ecdf_old_pop.png used on input line 205.
(pdftex.def)             Requested size: 198.45662pt x 198.45088pt.

Overfull \vbox (9.74998pt too high) has occurred while \output is active []


[28 <C:/Users/Andryw/Dropbox/Mestrado/Novos dados/mestrado/1_Dissertação/Mode
los/Modelo_LateX_Copin/figs/ecdf_n_pop.png> <C:/Users/Andryw/Dropbox/Mestrado/N
ovos dados/mestrado/1_Dissertação/Modelos/Modelo_LateX_Copin/figs/ecdf_old_po
p.png>])
("C:\Users\Andryw\Dropbox\Mestrado\Novos dados\mestrado\1_Dissertação\Modelos
\Modelo_LateX_Copin\6_preferencias.tex"
Overfull \vbox (9.74998pt too high) has occurred while \output is active []


[29]
Cap\'{\i }tulo 5.
[30

]
Overfull \vbox (9.74998pt too high) has occurred while \output is active []


[31] <figs/new_TA_F.png, id=690, 481.8pt x 481.8pt>
File: figs/new_TA_F.png Graphic file (type png)
 <use figs/new_TA_F.png>
Package pdftex.def Info: figs/new_TA_F.png used on input line 47.
(pdftex.def)             Requested size: 144.5411pt x 144.5411pt.

<figs/new_TA_P.png, id=691, 481.8pt x 481.8pt>
File: figs/new_TA_P.png Graphic file (type png)
 <use figs/new_TA_P.png>
Package pdftex.def Info: figs/new_TA_P.png used on input line 48.
(pdftex.def)             Requested size: 144.5411pt x 144.5411pt.

<figs/new_PA_F.png, id=692, 481.8pt x 481.8pt>
File: figs/new_PA_F.png Graphic file (type png)
 <use figs/new_PA_F.png>
Package pdftex.def Info: figs/new_PA_F.png used on input line 49.
(pdftex.def)             Requested size: 144.5411pt x 144.5411pt.

<figs/new_PA_P.png, id=693, 481.8pt x 481.8pt>
File: figs/new_PA_P.png Graphic file (type png)
 <use figs/new_PA_P.png>
Package pdftex.def Info: figs/new_PA_P.png used on input line 50.
(pdftex.def)             Requested size: 144.5411pt x 144.5411pt.
)
("C:\Users\Andryw\Dropbox\Mestrado\Novos dados\mestrado\1_Dissertação\Modelos
\Modelo_LateX_Copin\7_grupos.tex"
Overfull \vbox (9.74998pt too high) has occurred while \output is active []


[32]
Overfull \vbox (9.74998pt too high) has occurred while \output is active []


[33 <C:/Users/Andryw/Dropbox/Mestrado/Novos dados/mestrado/1_Dissertação/Mode
los/Modelo_LateX_Copin/figs/new_TA_F.png> <C:/Users/Andryw/Dropbox/Mestrado/Nov
os dados/mestrado/1_Dissertação/Modelos/Modelo_LateX_Copin/figs/new_TA_P.png>
 <C:/Users/Andryw/Dropbox/Mestrado/Novos dados/mestrado/1_Dissertação/Modelos
/Modelo_LateX_Copin/figs/new_PA_F.png> <C:/Users/Andryw/Dropbox/Mestrado/Novos 
dados/mestrado/1_Dissertação/Modelos/Modelo_LateX_Copin/figs/new_PA_P.png>]
Cap\'{\i }tulo 6.
[34

]
Overfull \vbox (9.74998pt too high) has occurred while \output is active []


[35]
Overfull \vbox (9.74998pt too high) has occurred while \output is active []


[36] <media.pdf, id=739, 481.8pt x 329.23pt>
File: media.pdf Graphic file (type pdf)
 <use media.pdf>
Package pdftex.def Info: media.pdf used on input line 59.
(pdftex.def)             Requested size: 308.71104pt x 210.95766pt.
PGFPlots: reading {centroides_latex.csv}

<figs/clusterstodos1.pdf, id=742, 505.89pt x 433.62pt>
File: figs/clusterstodos1.pdf Graphic file (type pdf)

<use figs/clusterstodos1.pdf>
Package pdftex.def Info: figs/clusterstodos1.pdf used on input line 94.
(pdftex.def)             Requested size: 505.88875pt x 433.61894pt.

Overfull \hbox (64.87103pt too wide) in paragraph at lines 94--95
 [][] 
 []


Overfull \vbox (9.74998pt too high) has occurred while \output is active []


[37 <C:/Users/Andryw/Dropbox/Mestrado/Novos dados/mestrado/1_Dissertação/Mode
los/Modelo_LateX_Copin/media.pdf>]
Overfull \vbox (9.74998pt too high) has occurred while \output is active []


[38 <C:/Users/Andryw/Dropbox/Mestrado/Novos dados/mestrado/1_Dissertação/Mode
los/Modelo_LateX_Copin/figs/clusterstodos1.pdf>]
Overfull \vbox (9.74998pt too high) has occurred while \output is active []


[39] <figs/alto_tudo.png, id=776, 337.86224pt x 304.7385pt>
File: figs/alto_tudo.png Graphic file (type png)

<use figs/alto_tudo.png>
Package pdftex.def Info: figs/alto_tudo.png used on input line 125.
(pdftex.def)             Requested size: 220.50885pt x 198.8914pt.

<figs/baixo_tudo.png, id=777, 401.0985pt x 352.9185pt>
File: figs/baixo_tudo.png Graphic file (type png)

<use figs/baixo_tudo.png>
Package pdftex.def Info: figs/baixo_tudo.png used on input line 132.
(pdftex.def)             Requested size: 360.98529pt x 317.6237pt.

Overfull \vbox (9.74998pt too high) has occurred while \output is active []


[40 <C:/Users/Andryw/Dropbox/Mestrado/Novos dados/mestrado/1_Dissertação/Mode
los/Modelo_LateX_Copin/figs/alto_tudo.png>]
Overfull \vbox (9.74998pt too high) has occurred while \output is active []


[41 <C:/Users/Andryw/Dropbox/Mestrado/Novos dados/mestrado/1_Dissertação/Mode
los/Modelo_LateX_Copin/figs/baixo_tudo.png>])
("C:\Users\Andryw\Dropbox\Mestrado\Novos dados\mestrado\1_Dissertação\Modelos
\Modelo_LateX_Copin\8_comparacao.tex"
Overfull \vbox (9.74998pt too high) has occurred while \output is active []


[42]
Cap\'{\i }tulo 7.
[43

]
Overfull \vbox (9.74998pt too high) has occurred while \output is active []


[44]
Overfull \vbox (24.41093pt too high) has occurred while \output is active []


[45] <figs/fam_nov_con.pdf, id=815, 1300.86pt x 578.16pt>
File: figs/fam_nov_con.pdf Graphic file (type pdf)

<use figs/fam_nov_con.pdf>
Package pdftex.def Info: figs/fam_nov_con.pdf used on input line 69.
(pdftex.def)             Requested size: 483.69684pt x 214.97449pt.

Overfull \hbox (49.47911pt too wide) in paragraph at lines 69--70
 [] 
 []


Overfull \vbox (24.41093pt too high) has occurred while \output is active []


[46 <C:/Users/Andryw/Dropbox/Mestrado/Novos dados/mestrado/1_Dissertação/Mode
los/Modelo_LateX_Copin/figs/fam_nov_con.pdf>]
<figs/fam_divid.pdf, id=833, 1156.32pt x 722.7pt>
File: figs/fam_divid.pdf Graphic file (type pdf)
 <use figs/fam_divid.pdf>
Package pdftex.def Info: figs/fam_divid.pdf used on input line 81.
(pdftex.def)             Requested size: 483.69684pt x 302.30788pt.

Overfull \hbox (49.47911pt too wide) in paragraph at lines 81--82
 [] 
 []


Overfull \vbox (24.41093pt too high) has occurred while \output is active []


[47 <C:/Users/Andryw/Dropbox/Mestrado/Novos dados/mestrado/1_Dissertação/Mode
los/Modelo_LateX_Copin/figs/fam_divid.pdf>]
<figs/pop_nov_con.pdf, id=852, 1300.86pt x 578.16pt>
File: figs/pop_nov_con.pdf Graphic file (type pdf)

<use figs/pop_nov_con.pdf>
Package pdftex.def Info: figs/pop_nov_con.pdf used on input line 97.
(pdftex.def)             Requested size: 483.69684pt x 214.97449pt.

Overfull \hbox (49.47911pt too wide) in paragraph at lines 97--98
 [] 
 []


Overfull \vbox (24.41093pt too high) has occurred while \output is active []


[48 <C:/Users/Andryw/Dropbox/Mestrado/Novos dados/mestrado/1_Dissertação/Mode
los/Modelo_LateX_Copin/figs/pop_nov_con.pdf>]
<figs/pop_divid.pdf, id=873, 1156.32pt x 722.7pt>
File: figs/pop_divid.pdf Graphic file (type pdf)
 <use figs/pop_divid.pdf>
Package pdftex.def Info: figs/pop_divid.pdf used on input line 107.
(pdftex.def)             Requested size: 483.69684pt x 302.30788pt.

Overfull \hbox (49.47911pt too wide) in paragraph at lines 107--108
 [] 
 []


Overfull \vbox (24.41093pt too high) has occurred while \output is active []


[49 <C:/Users/Andryw/Dropbox/Mestrado/Novos dados/mestrado/1_Dissertação/Mode
los/Modelo_LateX_Copin/figs/pop_divid.pdf>]
Overfull \vbox (24.41093pt too high) has occurred while \output is active []


[50]
Overfull \vbox (24.41093pt too high) has occurred while \output is active []


[51] <media1.pdf, id=911, 385.44pt x 380.42125pt>
File: media1.pdf Graphic file (type pdf)
 <use media1.pdf>
Package pdftex.def Info: media1.pdf used on input line 172.
(pdftex.def)             Requested size: 286.65881pt x 282.92366pt.
PGFPlots: reading {centroides_junto-conhec.csv}

Overfull \hbox (93.10765pt too wide) in paragraph at lines 198--199
[][] 
 []

<clusterstodosconhec.pdf, id=915, 650.43pt x 433.62pt>
File: clusterstodosconhec.pdf Graphic file (type pdf)

<use clusterstodosconhec.pdf>
Package pdftex.def Info: clusterstodosconhec.pdf used on input line 207.
(pdftex.def)             Requested size: 507.33336pt x 338.22224pt.

Overfull \hbox (66.31564pt too wide) in paragraph at lines 207--208
[][] 
 []


Overfull \vbox (24.41093pt too high) has occurred while \output is active []


[52]
Overfull \vbox (24.41093pt too high) has occurred while \output is active []


[53 <C:/Users/Andryw/Dropbox/Mestrado/Novos dados/mestrado/1_Dissertação/Mode
los/Modelo_LateX_Copin/media1.pdf>]
Overfull \vbox (24.41093pt too high) has occurred while \output is active []


[54 <C:/Users/Andryw/Dropbox/Mestrado/Novos dados/mestrado/1_Dissertação/Mode
los/Modelo_LateX_Copin/clusterstodosconhec.pdf>]
Overfull \vbox (24.41093pt too high) has occurred while \output is active []


[55])
("C:\Users\Andryw\Dropbox\Mestrado\Novos dados\mestrado\1_Dissertação\Modelos
\Modelo_LateX_Copin\9_conclusao.tex"
Overfull \vbox (24.41093pt too high) has occurred while \output is active []


[56]
Cap\'{\i }tulo 8.
[57

])
("C:\Users\Andryw\Dropbox\Mestrado\Novos dados\mestrado\1_Dissertação\Modelos
\Modelo_LateX_Copin\main_mestrado.bbl"
Overfull \vbox (9.74998pt too high) has occurred while \output is active []


[58]
Underfull \hbox (badness 3333) in paragraph at lines 4--8
[]\T1/ptm/m/n/12 Apple un-veils new itu-nes.  https://www.apple.com/pr/library/
2012/09/12Apple-
 []

[59

]
Overfull \vbox (9.74998pt too high) has occurred while \output is active []


[60]
Overfull \vbox (9.74998pt too high) has occurred while \output is active []


[61])
Package atveryend Info: Empty hook `BeforeClearDocument' on input line 177.

Overfull \vbox (9.74998pt too high) has occurred while \output is active []


[62]
Package atveryend Info: Empty hook `AfterLastShipout' on input line 177.

("C:\Users\Andryw\Dropbox\Mestrado\Novos dados\mestrado\1_Dissertação\Modelos
\Modelo_LateX_Copin\main_mestrado.aux")
Package atveryend Info: Executing hook `AtVeryEndDocument' on input line 177.
Package atveryend Info: Executing hook `AtEndAfterFileList' on input line 177.
Package rerunfilecheck Info: File `main_mestrado.out' has not changed.
(rerunfilecheck)             Checksum: 966257CA8A4ECD7967233BB3E66A41BD;4528.


LaTeX Warning: There were multiply-defined labels.

Package atveryend Info: Empty hook `AtVeryVeryEnd' on input line 177.
 ) 
Here is how much of TeX's memory you used:
 23866 strings out of 495304
 511351 string characters out of 3181254
 629573 words of memory out of 3000000
 26276 multiletter control sequences out of 15000+200000
 49163 words of font info for 78 fonts, out of 3000000 for 9000
 25 hyphenation exceptions out of 8191
 62i,12n,76p,1262b,609s stack positions out of 5000i,500n,10000p,200000b,50000s
{C:/Program Files (x86)/MiKTeX 2.9/fonts/enc/dvips/fontname/8r.enc}<C:/Progra
m Files (x86)/MiKTeX 2.9/fonts/type1/public/amsfonts/cm/cmex10.pfb><C:/Program 
Files (x86)/MiKTeX 2.9/fonts/type1/public/amsfonts/cm/cmmi12.pfb><C:/Program Fi
les (x86)/MiKTeX 2.9/fonts/type1/public/amsfonts/cm/cmmi6.pfb><C:/Program Files
 (x86)/MiKTeX 2.9/fonts/type1/public/amsfonts/cm/cmmi8.pfb><C:/Program Files (x
86)/MiKTeX 2.9/fonts/type1/public/amsfonts/cm/cmr12.pfb><C:/Program Files (x86)
/MiKTeX 2.9/fonts/type1/public/amsfonts/cm/cmr8.pfb><C:/Program Files (x86)/MiK
TeX 2.9/fonts/type1/public/amsfonts/cm/cmsy10.pfb><C:/Program Files (x86)/MiKTe
X 2.9/fonts/type1/public/amsfonts/cm/cmsy8.pfb><C:/Program Files (x86)/MiKTeX 2
.9/fonts/type1/public/amsfonts/symbols/msbm10.pfb><C:/Program Files (x86)/MiKTe
X 2.9/fonts/type1/urw/times/utmb8a.pfb><C:/Program Files (x86)/MiKTeX 2.9/fonts
/type1/urw/times/utmr8a.pfb><C:/Program Files (x86)/MiKTeX 2.9/fonts/type1/urw/
times/utmri8a.pfb>
Output written on main_mestrado.pdf (70 pages, 8142449 bytes).
PDF statistics:
 1080 PDF objects out of 1200 (max. 8388607)
 251 named destinations out of 1000 (max. 500000)
 602 words of extra memory for PDF output out of 10000 (max. 10000000)

