This is pdfTeX, Version 3.1415926-2.4-1.40.13 (MiKTeX 2.9) (preloaded format=pdflatex 2012.8.22)  28 JAN 2014 23:11
entering extended mode
**C:/Users/Andryw/Dropbox/Mestrado/1_Disserta√ß√£o/Modelos/Modelo_LateX_Copin/s
imbolos.tex

(C:/Users/Andryw/Dropbox/Mestrado/1_Disserta√ß√£o/Modelos/Modelo_LateX_Copin/si
mbolos.tex
LaTeX2e <2011/06/27>
Babel <v3.8m> and hyphenation patterns for english, portuguese, ukenglish, load
ed.

! LaTeX Error: Missing \begin{document}.

See the LaTeX manual or LaTeX Companion for explanation.
Type  H <return>  for immediate help.
 ...                                              
                                                  
l.1 H
     I		- \textit{HistÛrico Inicial}\\
You're in trouble here.  Try typing  <return>  to proceed.
If that doesn't work, type  X <return>  to quit.

Missing character: There is no H in font nullfont!
Missing character: There is no I in font nullfont!
Missing character: There is no - in font nullfont!
Missing character: There is no Û in font cmti10!
Missing character: There is no P in font nullfont!
Missing character: There is no O in font nullfont!
Missing character: There is no - in font nullfont!
Missing character: There is no Ì in font cmti10!
Missing character: There is no Á in font cmti10!
Missing character: There is no „ in font cmti10!
Missing character: There is no P in font nullfont!
Missing character: There is no E in font nullfont!
Missing character: There is no - in font nullfont!
Missing character: There is no Ì in font cmti10!
)
! Emergency stop.
<*> ...√£o/Modelos/Modelo_LateX_Copin/simbolos.tex
                                                  
*** (job aborted, no legal \end found)

 
Here is how much of TeX's memory you used:
 10 strings out of 495304
 345 string characters out of 3181254
 44920 words of memory out of 3000000
 3300 multiletter control sequences out of 15000+200000
 3986 words of font info for 15 fonts, out of 3000000 for 9000
 24 hyphenation exceptions out of 8191
 13i,1n,10p,146b,67s stack positions out of 5000i,500n,10000p,200000b,50000s
!  ==> Fatal error occurred, no output PDF file produced!
